<?xml version="1.0" encoding="UTF-8"?>
<robot generator="Robot 3.2.2 (Python 3.9.1 on win32)" generated="20210227 18:09:48.914" rpa="false">
<suite id="s1" name="UAT youtube" source="C:\WORK\year 3\term 2\SC313004 SOFTWARE ENGINEERING\Assignment-1\robotframework\UAT_youtube.robot">
<test id="s1-t1" name="Go To homepage">
<kw name="Open Browser" library="SeleniumLibrary">
<doc>Opens a new browser instance to the optional ``url``.</doc>
<arguments>
<arg>${HOMEPAGE}</arg>
<arg>${BROWSER}</arg>
</arguments>
<msg timestamp="20210227 18:09:49.094" level="INFO">Opening browser 'chrome' to base url 'http://www.youtube.com'.</msg>
<status status="PASS" starttime="20210227 18:09:49.094" endtime="20210227 18:09:52.836"></status>
</kw>
<status status="PASS" starttime="20210227 18:09:49.093" endtime="20210227 18:09:52.837" critical="yes"></status>
</test>
<status status="PASS" starttime="20210227 18:09:48.915" endtime="20210227 18:09:52.839"></status>
</suite>
<statistics>
<total>
<stat pass="1" fail="0">Critical Tests</stat>
<stat pass="1" fail="0">All Tests</stat>
</total>
<tag>
</tag>
<suite>
<stat pass="1" fail="0" id="s1" name="UAT youtube">UAT youtube</stat>
</suite>
</statistics>
<errors>
</errors>
</robot>
