<?xml version="1.0" encoding="UTF-8"?>
<robot generator="Robot 3.2.2 (Python 3.9.1 on win32)" generated="20210227 18:00:50.841" rpa="false">
<suite id="s1" name="UAT youtube" source="C:\WORK\year 3\term 2\SC313004 SOFTWARE ENGINEERING\Assignment-1\robotframework\UAT_youtube.txt">
<test id="s1-t1" name="Go To homepage">
<kw name="Open Browser" library="SeleniumLibrary">
<doc>Opens a new browser instance to the optional ``url``.</doc>
<arguments>
<arg>${HOMEPAGE}</arg>
<arg>${BROWSER}</arg>
</arguments>
<msg timestamp="20210227 18:00:51.012" level="INFO">Opening browser 'chrome' to base url 'http://www.youtube.com'.</msg>
<status status="PASS" starttime="20210227 18:00:51.012" endtime="20210227 18:00:55.028"></status>
</kw>
<status status="PASS" starttime="20210227 18:00:51.011" endtime="20210227 18:00:55.028" critical="yes"></status>
</test>
<status status="PASS" starttime="20210227 18:00:50.843" endtime="20210227 18:00:55.030"></status>
</suite>
<statistics>
<total>
<stat pass="1" fail="0">Critical Tests</stat>
<stat pass="1" fail="0">All Tests</stat>
</total>
<tag>
</tag>
<suite>
<stat pass="1" fail="0" id="s1" name="UAT youtube">UAT youtube</stat>
</suite>
</statistics>
<errors>
</errors>
</robot>
